<?xml version="1.0" encoding="UTF-8" ?>
<testsuite errors="0" failures="0" hostname="Huyens-MacBook-Air.local" name="LandscapeTest" skipped="0" tests="21" time="0.221" timestamp="2023-11-03T20:03:10">
  <properties>
[...]
</properties>
  <testcase classname="LandscapeTest" name="testModifyInvalidBoundary" time="0.069" />
  <testcase classname="LandscapeTest" name="testRaiseDepressVerify" time="0.003" />
  <testcase classname="LandscapeTest" name="testRaiseHillEven" time="0.0" />
  <testcase classname="LandscapeTest" name="testCreateHillEven" time="0.0" />
  <testcase classname="LandscapeTest" name="testModifyRaise" time="0.0" />
  <testcase classname="LandscapeTest" name="testModifyDepress" time="0.0" />
  <testcase classname="LandscapeTest" name="testGet" time="0.001" />
  <testcase classname="LandscapeTest" name="testDepressHillEven" time="0.0" />
  <testcase classname="LandscapeTest" name="testCreateValleyEven" time="0.0" />
  <testcase classname="LandscapeTest" name="testVerifyNullModifications" time="0.002" />
  <testcase classname="LandscapeTest" name="testVerifyNullHeight" time="0.002" />
  <testcase classname="LandscapeTest" name="testDepressHillOdd" time="0.001" />
  <testcase classname="LandscapeTest" name="testVerifyHeightsWithNull" time="0.002" />
  <testcase classname="LandscapeTest" name="testModifyHill" time="0.0" />
  <testcase classname="LandscapeTest" name="testCreateHillOdd" time="0.0" />
  <testcase classname="LandscapeTest" name="testVerifyEmptyHeights" time="0.002" />
  <testcase classname="LandscapeTest" name="testModificationRecord" time="0.0" />
  <testcase classname="LandscapeTest" name="testModifyValley" time="0.0" />
  <testcase classname="LandscapeTest" name="testModifyUnsupportOperation" time="0.002" />
  <testcase classname="LandscapeTest" name="testCreateValleyOdd" time="0.001" />
  <testcase classname="LandscapeTest" name="testRaiseHillOdd" time="0.001" />
  <system-out><![CDATA[]]></system-out>
  <system-err><![CDATA[Nov 03, 2023 4:03:10 PM Landscape lambda$modify$1
WARNING: x1 cannot be greater than x2; returning early
Nov 03, 2023 4:03:10 PM Landscape verify
WARNING: Modification is null
Nov 03, 2023 4:03:10 PM Landscape verify
WARNING: Heights is null
Nov 03, 2023 4:03:10 PM Landscape lambda$modify$2
WARNING: Unsupported Operation
]]></system-err>
</testsuite>
